TN:
SF:src/services/CreateUserService.js
FN:7,(anonymous_0)
FN:11,(anonymous_1)
FNF:2
FNH:2
FNDA:5,(anonymous_0)
FNDA:5,(anonymous_1)
DA:1,1
DA:3,1
DA:4,1
DA:8,5
DA:12,5
DA:13,5
DA:15,5
DA:16,1
DA:19,4
DA:20,1
DA:23,3
DA:25,2
DA:26,1
DA:29,1
DA:36,1
DA:38,1
DA:43,4
DA:48,1
LF:18
LH:18
BRDA:15,0,0,1
BRDA:15,0,1,4
BRDA:19,1,0,1
BRDA:19,1,1,3
BRDA:25,2,0,1
BRDA:25,2,1,1
BRF:6
BRH:6
end_of_record
TN:
SF:src/services/DeleteUserService.js
FN:5,(anonymous_0)
FN:9,(anonymous_1)
FNF:2
FNH:2
FNDA:3,(anonymous_0)
FNDA:3,(anonymous_1)
DA:1,1
DA:2,1
DA:6,3
DA:10,3
DA:11,3
DA:13,3
DA:14,1
DA:17,2
DA:19,2
DA:20,1
DA:23,1
DA:25,1
DA:29,2
DA:34,1
LF:14
LH:14
BRDA:13,0,0,1
BRDA:13,0,1,2
BRDA:19,1,0,1
BRDA:19,1,1,1
BRF:4
BRH:4
end_of_record
TN:
SF:src/services/FindUserByIdService.js
FN:5,(anonymous_0)
FN:9,(anonymous_1)
FNF:2
FNH:2
FNDA:3,(anonymous_0)
FNDA:3,(anonymous_1)
DA:1,1
DA:2,1
DA:6,3
DA:10,3
DA:11,3
DA:13,3
DA:14,1
DA:17,2
DA:19,2
DA:20,1
DA:23,1
DA:28,2
DA:33,1
LF:13
LH:13
BRDA:13,0,0,1
BRDA:13,0,1,2
BRDA:19,1,0,1
BRDA:19,1,1,1
BRF:4
BRH:4
end_of_record
TN:
SF:src/services/ListUsersService.js
FN:4,(anonymous_0)
FN:8,(anonymous_1)
FNF:2
FNH:2
FNDA:2,(anonymous_0)
FNDA:2,(anonymous_1)
DA:1,1
DA:5,2
DA:9,2
DA:10,2
DA:12,1
DA:17,1
DA:22,1
LF:7
LH:7
BRF:0
BRH:0
end_of_record
TN:
SF:src/services/SearchService.js
FN:5,(anonymous_0)
FN:9,(anonymous_1)
FNF:2
FNH:2
FNDA:2,(anonymous_0)
FNDA:3,(anonymous_1)
DA:1,1
DA:2,1
DA:6,2
DA:10,3
DA:11,3
DA:13,3
DA:14,2
DA:17,1
DA:19,1
DA:24,2
DA:29,1
LF:11
LH:11
BRDA:11,0,0,3
BRDA:11,0,1,1
BRDA:13,1,0,2
BRDA:13,1,1,1
BRF:4
BRH:4
end_of_record
TN:
SF:src/services/UpdateUserService.js
FN:5,(anonymous_0)
FN:9,(anonymous_1)
FNF:2
FNH:2
FNDA:5,(anonymous_0)
FNDA:5,(anonymous_1)
DA:1,1
DA:2,1
DA:6,5
DA:10,5
DA:11,5
DA:12,5
DA:14,5
DA:15,1
DA:18,4
DA:19,1
DA:22,3
DA:23,1
DA:26,2
DA:28,2
DA:29,1
DA:32,1
DA:33,1
DA:35,1
DA:37,1
DA:42,4
DA:47,1
LF:21
LH:21
BRDA:14,0,0,1
BRDA:14,0,1,4
BRDA:18,1,0,1
BRDA:18,1,1,3
BRDA:22,2,0,1
BRDA:22,2,1,2
BRDA:28,3,0,1
BRDA:28,3,1,1
BRF:8
BRH:8
end_of_record
